#
# There is insufficient memory for the Java Runtime Environment to continue.
# Native memory allocation (mmap) failed to map 98566144 bytes. Error detail: G1 virtual space
# Possible reasons:
#   The system is out of physical RAM or swap space
#   This process is running with CompressedOops enabled, and the Java Heap may be blocking the growth of the native heap
# Possible solutions:
#   Reduce memory load on the system
#   Increase physical memory or swap space
#   Check if swap backing store is full
#   Decrease Java heap size (-Xmx/-Xms)
#   Decrease number of Java threads
#   Decrease Java thread stack sizes (-Xss)
#   Set larger code cache with -XX:ReservedCodeCacheSize=
#   JVM is running with Unscaled Compressed Oops mode in which the Java heap is
#     placed in the first 4GB address space. The Java Heap base address is the
#     maximum limit for the native heap growth. Please use -XX:HeapBaseMinAddress
#     to set the Java Heap base and to place the Java Heap above 4GB virtual address.
# This output file may be truncated or incomplete.
#
#  Out of Memory Error (os_windows.cpp:3825), pid=30912, tid=17020
#
# JRE version:  (17.0.11) (build )
# Java VM: OpenJDK 64-Bit Server VM (17.0.11+0--11852314, mixed mode, sharing, tiered, compressed oops, compressed class ptrs, g1 gc, windows-amd64)
# No core dump will be written. Minidumps are not enabled by default on client versions of Windows
#

---------------  S U M M A R Y ------------

Command Line: git4idea.http.GitAskPassApp Username for 'https://github.com': 

Host: AMD Ryzen 7 5700U with Radeon Graphics         , 16 cores, 5G,  Windows 11 , 64 bit Build 22621 (10.0.22621.5124)
Time: Thu May  1 16:23:46 2025 Hora estándar de las Montañas elapsed time: 0.019088 seconds (0d 0h 0m 0s)

---------------  T H R E A D  ---------------

Current thread (0x000002950613b630):  JavaThread "Unknown thread" [_thread_in_vm, id=17020, stack(0x000000e0e6900000,0x000000e0e6a00000)]

Stack: [0x000000e0e6900000,0x000000e0e6a00000]
Native frames: (J=compiled Java code, j=interpreted, Vv=VM code, C=native code)
V  [jvm.dll+0x687bb9]
V  [jvm.dll+0x84142a]
V  [jvm.dll+0x8430ae]
V  [jvm.dll+0x843713]
V  [jvm.dll+0x24a35f]
V  [jvm.dll+0x684989]
V  [jvm.dll+0x67923a]
V  [jvm.dll+0x30af0b]
V  [jvm.dll+0x3123b6]
V  [jvm.dll+0x361dfe]
V  [jvm.dll+0x36202f]
V  [jvm.dll+0x2e0d38]
V  [jvm.dll+0x2e1ca4]
V  [jvm.dll+0x811f21]
V  [jvm.dll+0x36fb68]
V  [jvm.dll+0x7f0896]
V  [jvm.dll+0x3f3d2f]
V  [jvm.dll+0x3f58e1]
C  [jli.dll+0x528f]
C  [ucrtbase.dll+0x29333]
C  [KERNEL32.DLL+0x1259d]
C  [ntdll.dll+0x5af38]


---------------  P R O C E S S  ---------------

Threads class SMR info:
_java_thread_list=0x00007ffdbb6aefd8, length=0, elements={
}

Java Threads: ( => current thread )

Other Threads:
  0x00000295061882e0 GCTaskThread "GC Thread#0" [stack: 0x000000e0e6a00000,0x000000e0e6b00000] [id=2236]
  0x00000295061955a0 ConcurrentGCThread "G1 Main Marker" [stack: 0x000000e0e6b00000,0x000000e0e6c00000] [id=3584]
  0x0000029506195fd0 ConcurrentGCThread "G1 Conc#0" [stack: 0x000000e0e6c00000,0x000000e0e6d00000] [id=9704]

[error occurred during error reporting (printing all threads), id 0xc0000005, EXCEPTION_ACCESS_VIOLATION (0xc0000005) at pc=0x00007ffdbae61907]

VM state: not at safepoint (not fully initialized)

VM Mutex/Monitor currently owned by a thread:  ([mutex/lock_event])
[0x00000295061379d0] Heap_lock - owner thread: 0x000002950613b630

Heap address: 0x00000000a2600000, size: 1498 MB, Compressed Oops mode: 32-bit

CDS archive(s) mapped at: [0x0000000000000000-0x0000000000000000-0x0000000000000000), size 0, SharedBaseAddress: 0x0000000800000000, ArchiveRelocationMode: 1.
Narrow klass base: 0x0000000000000000, Narrow klass shift: 0, Narrow klass range: 0x0

GC Precious Log:
<Empty>

Heap:
 garbage-first heap   total 0K, used 0K [0x00000000a2600000, 0x0000000100000000)
  region size 1024K, 0 young (0K), 0 survivors (0K)
 Metaspace       used 0K, committed 0K, reserved 0K
  class space    used 0K, committed 0K, reserved 0K

Heap Regions: E=young(eden), S=young(survivor), O=old, HS=humongous(starts), HC=humongous(continues), CS=collection set, F=free, OA=open archive, CA=closed archive, TAMS=top-at-mark-start (previous, next)

Card table byte_map: [0x0000029519180000,0x0000029519470000] _byte_map_base: 0x0000029518c6d000

Marking Bits (Prev, Next): (CMBitMap*) 0x0000029506188900, (CMBitMap*) 0x0000029506188940
 Prev Bits: [0x0000029519760000, 0x000002951aec8000)
 Next Bits: [0x000002951aed0000, 0x000002951c638000)

GC Heap History (0 events):
No events

Dll operation events (1 events):
Event: 0.010 Loaded shared library C:\Program Files\Android\Android Studio\jbr\bin\java.dll

Deoptimization events (0 events):
No events

Classes unloaded (0 events):
No events

Classes redefined (0 events):
No events

Internal exceptions (0 events):
No events

VM Operations (0 events):
No events

Events (0 events):
No events


Dynamic libraries:
0x00007ff702660000 - 0x00007ff70266a000 	C:\Program Files\Android\Android Studio\jbr\bin\java.exe
0x00007ffe98b70000 - 0x00007ffe98d87000 	C:\WINDOWS\SYSTEM32\ntdll.dll
0x00007ffe97770000 - 0x00007ffe97834000 	C:\WINDOWS\System32\KERNEL32.DLL
0x00007ffe96430000 - 0x00007ffe96803000 	C:\WINDOWS\System32\KERNELBASE.dll
0x00007ffe96260000 - 0x00007ffe96371000 	C:\WINDOWS\System32\ucrtbase.dll
0x00007ffe5a510000 - 0x00007ffe5a52b000 	C:\Program Files\Android\Android Studio\jbr\bin\VCRUNTIME140.dll
0x00007ffe596a0000 - 0x00007ffe596b7000 	C:\Program Files\Android\Android Studio\jbr\bin\jli.dll
0x00007ffe973c0000 - 0x00007ffe97571000 	C:\WINDOWS\System32\USER32.dll
0x00007ffe96110000 - 0x00007ffe96136000 	C:\WINDOWS\System32\win32u.dll
0x00007ffe96c50000 - 0x00007ffe96c79000 	C:\WINDOWS\System32\GDI32.dll
0x00007ffe96140000 - 0x00007ffe9625b000 	C:\WINDOWS\System32\gdi32full.dll
0x00007ffe95ff0000 - 0x00007ffe9608a000 	C:\WINDOWS\System32\msvcp_win.dll
0x00007ffe7ad00000 - 0x00007ffe7af98000 	C:\WINDOWS\WinSxS\amd64_microsoft.windows.common-controls_6595b64144ccf1df_6.0.22621.5124_none_270e8f4f7386d69d\COMCTL32.dll
0x00007ffe97870000 - 0x00007ffe97917000 	C:\WINDOWS\System32\msvcrt.dll
0x00007ffe972d0000 - 0x00007ffe97301000 	C:\WINDOWS\System32\IMM32.DLL
0x00007ffe7e900000 - 0x00007ffe7e90c000 	C:\Program Files\Android\Android Studio\jbr\bin\vcruntime140_1.dll
0x00007ffe53720000 - 0x00007ffe537ad000 	C:\Program Files\Android\Android Studio\jbr\bin\msvcp140.dll
0x00007ffdbab70000 - 0x00007ffdbb7f3000 	C:\Program Files\Android\Android Studio\jbr\bin\server\jvm.dll
0x00007ffe98330000 - 0x00007ffe983e1000 	C:\WINDOWS\System32\ADVAPI32.dll
0x00007ffe97310000 - 0x00007ffe973b8000 	C:\WINDOWS\System32\sechost.dll
0x00007ffe96380000 - 0x00007ffe963a8000 	C:\WINDOWS\System32\bcrypt.dll
0x00007ffe96b30000 - 0x00007ffe96c44000 	C:\WINDOWS\System32\RPCRT4.dll
0x00007ffe6d5f0000 - 0x00007ffe6d5f9000 	C:\WINDOWS\SYSTEM32\WSOCK32.dll
0x00007ffe97920000 - 0x00007ffe97991000 	C:\WINDOWS\System32\WS2_32.dll
0x00007ffe90800000 - 0x00007ffe90834000 	C:\WINDOWS\SYSTEM32\WINMM.dll
0x00007ffe8c6d0000 - 0x00007ffe8c6da000 	C:\WINDOWS\SYSTEM32\VERSION.dll
0x00007ffe95b50000 - 0x00007ffe95b9d000 	C:\WINDOWS\SYSTEM32\POWRPROF.dll
0x00007ffe95b30000 - 0x00007ffe95b43000 	C:\WINDOWS\SYSTEM32\UMPDC.dll
0x00007ffe94cb0000 - 0x00007ffe94cc8000 	C:\WINDOWS\SYSTEM32\kernel.appcore.dll
0x00007ffe90be0000 - 0x00007ffe90bea000 	C:\Program Files\Android\Android Studio\jbr\bin\jimage.dll
0x00007ffe93780000 - 0x00007ffe939b2000 	C:\WINDOWS\SYSTEM32\DBGHELP.DLL
0x00007ffe96f30000 - 0x00007ffe972c2000 	C:\WINDOWS\System32\combase.dll
0x00007ffe97580000 - 0x00007ffe97657000 	C:\WINDOWS\System32\OLEAUT32.dll
0x00007ffe75bf0000 - 0x00007ffe75c22000 	C:\WINDOWS\SYSTEM32\dbgcore.DLL
0x00007ffe963b0000 - 0x00007ffe9642b000 	C:\WINDOWS\System32\bcryptPrimitives.dll
0x00007ffe7ecc0000 - 0x00007ffe7ece5000 	C:\Program Files\Android\Android Studio\jbr\bin\java.dll

dbghelp: loaded successfully - version: 4.0.5 - missing functions: none
symbol engine: initialized successfully - sym options: 0x614 - pdb path: .;C:\Program Files\Android\Android Studio\jbr\bin;C:\WINDOWS\SYSTEM32;C:\WINDOWS\WinSxS\amd64_microsoft.windows.common-controls_6595b64144ccf1df_6.0.22621.5124_none_270e8f4f7386d69d;C:\Program Files\Android\Android Studio\jbr\bin\server

VM Arguments:
java_command: git4idea.http.GitAskPassApp Username for 'https://github.com': 
java_class_path (initial): C:/Program Files/Android/Android Studio/plugins/vcs-git/lib/git4idea-rt.jar;C:/Program Files/Android/Android Studio/lib/externalProcess-rt.jar
Launcher Type: SUN_STANDARD

[Global flags]
     intx CICompilerCount                          = 12                                        {product} {ergonomic}
     uint ConcGCThreads                            = 3                                         {product} {ergonomic}
     uint G1ConcRefinementThreads                  = 13                                        {product} {ergonomic}
   size_t G1HeapRegionSize                         = 1048576                                   {product} {ergonomic}
    uintx GCDrainStackTargetSize                   = 64                                        {product} {ergonomic}
   size_t InitialHeapSize                          = 98566144                                  {product} {ergonomic}
   size_t MarkStackSize                            = 4194304                                   {product} {ergonomic}
   size_t MaxHeapSize                              = 1570766848                                {product} {ergonomic}
   size_t MinHeapDeltaBytes                        = 1048576                                   {product} {ergonomic}
   size_t MinHeapSize                              = 8388608                                   {product} {ergonomic}
    uintx NonNMethodCodeHeapSize                   = 7602480                                {pd product} {ergonomic}
    uintx NonProfiledCodeHeapSize                  = 122027880                              {pd product} {ergonomic}
    uintx ProfiledCodeHeapSize                     = 122027880                              {pd product} {ergonomic}
    uintx ReservedCodeCacheSize                    = 251658240                              {pd product} {ergonomic}
     bool SegmentedCodeCache                       = true                                      {product} {ergonomic}
   size_t SoftMaxHeapSize                          = 1570766848                             {manageable} {ergonomic}
     bool UseCompressedClassPointers               = true                           {product lp64_product} {ergonomic}
     bool UseCompressedOops                        = true                           {product lp64_product} {ergonomic}
     bool UseG1GC                                  = true                                      {product} {ergonomic}
     bool UseLargePagesIndividualAllocation        = false                                  {pd product} {ergonomic}

Logging:
Log output configuration:
 #0: stdout all=warning uptime,level,tags
 #1: stderr all=off uptime,level,tags

Environment Variables:
PATH=C:/Program Files/Git/mingw64/libexec/git-core;C:/Program Files/Git/mingw64/libexec/git-core;C:\Program Files\Git\mingw64\bin;C:\Program Files\Git\usr\bin;C:\Users\janto\bin;C:\Program Files\Common Files\Oracle\Java\javapath;C:\WINDOWS\system32;C:\WINDOWS;C:\WINDOWS\System32\Wbem;C:\WINDOWS\System32\WindowsPowerShell\v1.0\;C:\WINDOWS\System32\OpenSSH\;C:\Program Files\Microsoft SQL Server\Client SDK\ODBC\170\Tools\Binn\;C:\Program Files\Git\cmd;C:\Program Files (x86)\Microsoft SQL Server\160\DTS\Binn\;C:\Program Files (x86)\Microsoft SQL Server\160\Tools\Binn\;C:\Program Files\Microsoft SQL Server\160\Tools\Binn\;C:\Program Files\Microsoft SQL Server\160\DTS\Binn\;C:\Program Files\Microsoft SQL Server\150\Tools\Binn\;C:\Program Files\nodejs\;C:\Program Files (x86)\Microsoft SQL Server\150\Tools\Binn\;C:\Program Files (x86)\Microsoft SQL Server\150\DTS\Binn\;C:\Program Files\Microsoft SQL Server\150\DTS\Binn\;C:\Program Files\Azure Data Studio\bin;C:\Program Files\dotnet\;C:\Users\janto\AppData\Local\Programs\Python\Python312\Scripts\;C:\Users\janto\AppData\Local\Programs\Python\Python312\;C:\Users\janto\AppData\Local\Microsoft\WindowsApps;C:\Users\janto\AppData\Local\Programs\Microsoft VS Code\bin;C:\Users\janto\AppData\Roaming\npm;C:\Users\janto\.dotnet\tools;C:\Program Files\Azure Data Studio\bin
USERNAME=janto
DISPLAY=:0.0
LC_ALL=en_US.UTF-8
TERM=xterm-256color
TMPDIR=C:\Users\janto\AppData\Local\Temp
OS=Windows_NT
PROCESSOR_IDENTIFIER=AMD64 Family 23 Model 104 Stepping 1, AuthenticAMD
TMP=C:\Users\janto\AppData\Local\Temp
TEMP=C:\Users\janto\AppData\Local\Temp



Periodic native trim disabled

JNI global refs:
JNI global refs: 0, weak refs: 0

JNI global refs memory usage: 0, weak refs: 0

Process memory usage:
Resident Set Size: 11692K (0% of 6133240K total physical memory with 389096K free physical memory)

OOME stack traces (most recent first):
Classloader memory used:


---------------  S Y S T E M  ---------------

OS:
 Windows 11 , 64 bit Build 22621 (10.0.22621.5124)
OS uptime: 9 days 4:29 hours

CPU: total 16 (initial active 16) (16 cores per cpu, 2 threads per core) family 23 model 104 stepping 1 microcode 0x0, cx8, cmov, fxsr, ht, mmx, 3dnowpref, sse, sse2, sse3, ssse3, sse4a, sse4.1, sse4.2, popcnt, lzcnt, tsc, tscinvbit, avx, avx2, aes, clmul, bmi1, bmi2, adx, sha, fma, vzeroupper, clflush, clflushopt
Processor Information for all 16 processors :
  Max Mhz: 1801, Current Mhz: 1801, Mhz Limit: 1801

Memory: 4k page, system-wide physical 5989M (379M free)
TotalPageFile size 24421M (AvailPageFile size 94M)
current process WorkingSet (physical memory assigned to process): 11M, peak: 11M
current process commit charge ("private bytes"): 70M, peak: 164M

vm_info: OpenJDK 64-Bit Server VM (17.0.11+0--11852314) for windows-amd64 JRE (17.0.11+0--11852314), built on May 16 2024 21:29:20 by "androidbuild" with MS VC++ 16.10 / 16.11 (VS2019)

END.
